<?xml version="1.0" encoding="UTF-8"?>
<!-- Generated by org.testng.reporters.JUnitReportReporter -->
<testsuite skipped="0" hostname="manjit-Vostro-1015" name="Selenium.TestingRevision.JAvaScriptLab" tests="1" failures="0" timestamp="25 Feb 2019 16:56:35 GMT" time="36.534" errors="0">
  <testcase name="verifyexplicit" time="36.534" classname="Selenium.TestingRevision.JAvaScriptLab"/>
</testsuite> <!-- Selenium.TestingRevision.JAvaScriptLab -->
