<?xml version="1.0" encoding="UTF-8"?>
<!-- Generated by org.testng.reporters.JUnitReportReporter -->
<testsuite skipped="0" hostname="manjit-Vostro-1015" name="Selenium.TestingRevision.Lab1" tests="1" failures="0" timestamp="25 Feb 2019 11:37:03 GMT" time="36.263" errors="0">
  <testcase name="verify" time="36.263" classname="Selenium.TestingRevision.Lab1"/>
</testsuite> <!-- Selenium.TestingRevision.Lab1 -->
