<?xml version="1.0" encoding="UTF-8"?>
<!-- Generated by org.testng.reporters.JUnitReportReporter -->
<testsuite skipped="1" hostname="manjit-Vostro-1015" name="Selenium.TestingRevision.DifferentWait" tests="2" failures="0" timestamp="25 Feb 2019 16:20:15 GMT" time="18.804" errors="0">
  <testcase name="verifyexplicit" time="18.804" classname="Selenium.TestingRevision.DifferentWait"/>
  <testcase name="verifyError" classname="Selenium.TestingRevision.DifferentWait">
    <skipped/>
  </testcase> <!-- verifyError -->
</testsuite> <!-- Selenium.TestingRevision.DifferentWait -->
