<?xml version="1.0" encoding="UTF-8"?>
<!-- Generated by org.testng.reporters.JUnitReportReporter -->
<testsuite skipped="2" hostname="manjit-Vostro-1015" name="Selenium.TestingRevision.DroopDownLab1" tests="4" failures="0" timestamp="25 Feb 2019 12:02:55 GMT" time="46.378" errors="0">
  <testcase name="verify3" time="23.394" classname="Selenium.TestingRevision.DroopDownLab1"/>
  <testcase name="bootStrap" time="22.984" classname="Selenium.TestingRevision.DroopDownLab1"/>
  <testcase name="verify2" classname="Selenium.TestingRevision.DroopDownLab1">
    <skipped/>
  </testcase> <!-- verify2 -->
  <testcase name="verify" classname="Selenium.TestingRevision.DroopDownLab1">
    <skipped/>
  </testcase> <!-- verify -->
</testsuite> <!-- Selenium.TestingRevision.DroopDownLab1 -->
