<?xml version="1.0" encoding="UTF-8"?>
<!-- Generated by org.testng.reporters.JUnitReportReporter -->
<testsuite skipped="0" hostname="manjit-Vostro-1015" name="Selenium.TestingRevision.BootstrapLogin" tests="1" failures="0" timestamp="25 Feb 2019 16:26:43 GMT" time="20.986" errors="0">
  <testcase name="verifyexplicit" time="20.986" classname="Selenium.TestingRevision.BootstrapLogin"/>
</testsuite> <!-- Selenium.TestingRevision.BootstrapLogin -->
