<?xml version="1.0" encoding="UTF-8"?>
<!-- Generated by org.testng.reporters.JUnitReportReporter -->
<testsuite skipped="0" hostname="manjit-Vostro-1015" name="Selenium.TestingRevision.Radio" tests="1" failures="0" timestamp="25 Feb 2019 14:36:31 GMT" time="29.764" errors="0">
  <testcase name="verifyFace" time="29.764" classname="Selenium.TestingRevision.Radio"/>
</testsuite> <!-- Selenium.TestingRevision.Radio -->
