<?xml version="1.0" encoding="UTF-8"?>
<!-- Generated by org.testng.reporters.JUnitReportReporter -->
<testsuite skipped="1" hostname="manjit-Vostro-1015" name="Selenium.TestingRevision.AssertTitleAndMessage" tests="2" failures="0" timestamp="25 Feb 2019 15:23:18 GMT" time="10.534" errors="0">
  <testcase name="verifyError" time="10.534" classname="Selenium.TestingRevision.AssertTitleAndMessage"/>
  <testcase name="verifyFace" classname="Selenium.TestingRevision.AssertTitleAndMessage">
    <skipped/>
  </testcase> <!-- verifyFace -->
</testsuite> <!-- Selenium.TestingRevision.AssertTitleAndMessage -->
