<?xml version="1.0" encoding="UTF-8"?>
<!-- Generated by org.testng.reporters.JUnitReportReporter -->
<testsuite skipped="0" hostname="manjit-Vostro-1015" name="Selenium.TestingRevision.Check" tests="1" failures="0" timestamp="25 Feb 2019 14:57:30 GMT" time="20.370" errors="0">
  <testcase name="verifyFace" time="20.370" classname="Selenium.TestingRevision.Check"/>
</testsuite> <!-- Selenium.TestingRevision.Check -->
