<?xml version="1.0" encoding="UTF-8"?>
<!-- Generated by org.testng.reporters.JUnitReportReporter -->
<testsuite skipped="0" hostname="manjit-Vostro-1015" name="Selenium.TestingRevision.MouseHover" tests="1" failures="0" timestamp="26 Feb 2019 04:37:41 GMT" time="66.934" errors="0">
  <testcase name="handling" time="66.934" classname="Selenium.TestingRevision.MouseHover"/>
</testsuite> <!-- Selenium.TestingRevision.MouseHover -->
